Arguments: 
  /usr/bin/node /usr/bin/yarn

PATH: 
  /home/dereje/.fly/bin:/home/dereje/.fly/bin:/usr/local/sbin:/usr/local/bin:/usr/sbin:/usr/bin:/sbin:/bin:/usr/games:/usr/local/games:/snap/bin:/home/dereje/.dotnet/tools

Yarn version: 
  1.22.19

Node version: 
  19.9.0

Platform: 
  linux x64

Trace: 
  Error: getaddrinfo EAI_AGAIN registry.yarnpkg.com
      at GetAddrInfoReqWrap.onlookup [as oncomplete] (node:dns:107:26)

npm manifest: 
  {
    "name": "notes_app",
    "version": "1.0.0",
    "description": "",
    "main": "index.js",
    "scripts": {
      "test": "NODE_ENV=test jest"
    },
    "keywords": [],
    "author": "",
    "license": "ISC",
    "dependencies": {
      "bcrypt": "^5.1.0",
      "cors": "^2.8.5",
      "dotenv": "^6.0.0",
      "express": "^4.18.2",
      "express-async-errors": "^3.1.1",
      "jsonwebtoken": "^8.5.1",
      "mongoose": "^6.8.2",
      "supertest": "^6.3.3"
    },
    "devDependencies": {
      "eslint": "^8.23.1",
      "jest": "^26.6.3",
      "prettier": "^2.8.0"
    }
  }

yarn manifest: 
  No manifest

Lockfile: 
  No lockfile
